2015-11-10 15:26:56 10fc InnoDB: Warning: Using innodb_additional_mem_pool_size is DEPRECATED. This option may be removed in future releases, together with the option innodb_use_sys_malloc and with the InnoDB's internal memory allocator.
2015-11-10 15:26:56 4348 [Note] InnoDB: Using mutexes to ref count buffer pool pages
2015-11-10 15:26:56 4348 [Note] InnoDB: The InnoDB memory heap is disabled
2015-11-10 15:26:56 4348 [Note] InnoDB: Mutexes and rw_locks use Windows interlocked functions
2015-11-10 15:26:56 4348 [Note] InnoDB: Memory barrier is not used
2015-11-10 15:26:56 4348 [Note] InnoDB: Compressed tables use zlib 1.2.3
2015-11-10 15:26:56 4348 [Note] InnoDB: Not using CPU crc32 instructions
2015-11-10 15:26:56 4348 [Note] InnoDB: Initializing buffer pool, size = 16.0M
2015-11-10 15:26:56 4348 [Note] InnoDB: Completed initialization of buffer pool
2015-11-10 15:26:56 4348 [Note] InnoDB: Highest supported file format is Barracuda.
2015-11-10 15:26:57 4348 [Note] InnoDB: 128 rollback segment(s) are active.
2015-11-10 15:26:57 4348 [Note] InnoDB: Waiting for purge to start
2015-11-10 15:26:57 4348 [Note] InnoDB:  Percona XtraDB (http://www.percona.com) 5.6.26-74.0 started; log sequence number 1835027
2015-11-10 15:26:57 6140 [Note] InnoDB: Dumping buffer pool(s) not yet started
2015-11-10 15:26:57 4348 [Note] Plugin 'FEEDBACK' is disabled.
2015-11-10 15:26:57 4348 [Note] Server socket created on IP: '::'.
2015-11-10 15:26:57 4348 [Note] Event Scheduler: Loaded 0 events
2015-11-10 15:26:57 4348 [Note] C:\xampp\mysql\bin\mysqld.exe: ready for connections.
Version: '10.1.8-MariaDB'  socket: ''  port: 3306  mariadb.org binary distribution
2015-11-10 15:27:11 5152 [Note] C:\xampp\mysql\bin\mysqld.exe: Normal shutdown

2015-11-10 15:27:11 5152 [Note] Event Scheduler: Purging the queue. 0 events
2015-11-10 15:27:11 5732 [Note] InnoDB: FTS optimize thread exiting.
2015-11-10 15:27:11 5152 [Note] InnoDB: Starting shutdown...
2015-11-10 15:27:13 5152 [Note] InnoDB: Shutdown completed; log sequence number 1835037
2015-11-10 15:27:13 5152 [Note] C:\xampp\mysql\bin\mysqld.exe: Shutdown complete

2022-09-26 21:07:19 c2c InnoDB: Warning: Using innodb_additional_mem_pool_size is DEPRECATED. This option may be removed in future releases, together with the option innodb_use_sys_malloc and with the InnoDB's internal memory allocator.
2022-09-26 21:07:19 3116 [Note] InnoDB: innodb_empty_free_list_algorithm has been changed to legacy because of small buffer pool size. In order to use backoff, increase buffer pool at least up to 20MB.

2022-09-26 21:07:19 3116 [Note] InnoDB: Using mutexes to ref count buffer pool pages
2022-09-26 21:07:19 3116 [Note] InnoDB: The InnoDB memory heap is disabled
2022-09-26 21:07:19 3116 [Note] InnoDB: Mutexes and rw_locks use Windows interlocked functions
2022-09-26 21:07:19 3116 [Note] InnoDB: _mm_lfence() and _mm_sfence() are used for memory barrier
2022-09-26 21:07:19 3116 [Note] InnoDB: Compressed tables use zlib 1.2.3
2022-09-26 21:07:19 3116 [Note] InnoDB: Using generic crc32 instructions
2022-09-26 21:07:19 3116 [Note] InnoDB: Initializing buffer pool, size = 16.0M
2022-09-26 21:07:19 3116 [Note] InnoDB: Completed initialization of buffer pool
2022-09-26 21:07:19 3116 [Note] InnoDB: Highest supported file format is Barracuda.
2022-09-26 21:07:20 3116 [Note] InnoDB: 128 rollback segment(s) are active.
2022-09-26 21:07:20 3116 [Note] InnoDB: Creating zip_dict and zip_dict_cols system tables.
2022-09-26 21:07:23 3116 [Note] InnoDB: zip_dict and zip_dict_cols system tables created.
2022-09-26 21:07:23 3116 [Note] InnoDB: Waiting for purge to start
2022-09-26 21:07:23 3116 [Note] InnoDB:  Percona XtraDB (http://www.percona.com) 5.6.32-79.0 started; log sequence number 1835037
2022-09-26 21:07:23 9540 [Note] InnoDB: Dumping buffer pool(s) not yet started
2022-09-26 21:07:23 3116 [Note] Plugin 'FEEDBACK' is disabled.
2022-09-26 21:07:23 3116 [Note] Server socket created on IP: '::'.
2022-09-26 21:07:24 3116 [Note] d:\xampp\mysql\bin\mysqld.exe: ready for connections.
Version: '10.1.19-MariaDB'  socket: ''  port: 3306  mariadb.org binary distribution
2022-09-26 21:10:50 10856 [Note] InnoDB: Online DDL : Start
2022-09-26 21:10:50 10856 [Note] InnoDB: Online DDL : Start reading clustered index of the table and create temporary files
2022-09-26 21:10:50 10856 [Note] InnoDB: Online DDL : End of reading clustered index of the table and create temporary files
2022-09-26 21:10:50 10856 [Note] InnoDB: Online DDL : Completed
2022-09-26 21:10:50 10856 [Note] InnoDB: Online DDL : Completed
2022-09-26 21:10:50 10856 [Note] InnoDB: Online DDL : Completed
2022-09-26 21:10:51 4764 [Note] InnoDB: Online DDL : Start
2022-09-26 21:10:51 4764 [Note] InnoDB: Online DDL : Start reading clustered index of the table and create temporary files
2022-09-26 21:10:51 4764 [Note] InnoDB: Online DDL : End of reading clustered index of the table and create temporary files
2022-09-26 21:10:51 4764 [Note] InnoDB: Online DDL : Completed
2022-09-26 21:10:51 4764 [Note] InnoDB: Online DDL : Start
2022-09-26 21:10:51 4764 [Note] InnoDB: Online DDL : Start reading clustered index of the table and create temporary files
2022-09-26 21:10:51 4764 [Note] InnoDB: Online DDL : End of reading clustered index of the table and create temporary files
2022-09-26 21:10:51 4764 [Note] InnoDB: Online DDL : Completed
2022-09-26 21:10:51 4764 [Note] InnoDB: Online DDL : Completed
2022-09-26 21:10:52 4764 [Note] InnoDB: Online DDL : Start
2022-09-26 21:10:52 4764 [Note] InnoDB: Online DDL : Start reading clustered index of the table and create temporary files
2022-09-26 21:10:52 4764 [Note] InnoDB: Online DDL : End of reading clustered index of the table and create temporary files
2022-09-26 21:10:52 4764 [Note] InnoDB: Online DDL : Completed
2022-09-26 21:10:52 4764 [Note] InnoDB: Online DDL : Completed
2022-09-26 21:10:52 4764 [Note] InnoDB: Online DDL : Completed
2022-09-26 21:10:52 4764 [Note] InnoDB: Online DDL : Completed
2022-09-26 21:10:54 4764 [Note] InnoDB: Online DDL : Start
2022-09-26 21:10:54 4764 [Note] InnoDB: Online DDL : Start reading clustered index of the table and create temporary files
2022-09-26 21:10:54 4764 [Note] InnoDB: Online DDL : End of reading clustered index of the table and create temporary files
2022-09-26 21:10:54 4764 [Note] InnoDB: Online DDL : Completed
2022-09-26 21:10:54 4764 [Note] InnoDB: Online DDL : Completed
2022-09-26 21:10:54 4764 [Note] InnoDB: Online DDL : Completed
2022-09-26 21:10:54 4764 [Note] InnoDB: Online DDL : Completed
2022-09-26 21:10:54 4764 [Note] InnoDB: Online DDL : Completed
2022-09-26 21:10:54 4764 [Note] InnoDB: Online DDL : Completed
2022-09-26 21:10:54 10856 [Note] InnoDB: Online DDL : Start
2022-09-26 21:10:54 10856 [Note] InnoDB: Online DDL : Start reading clustered index of the table and create temporary files
2022-09-26 21:10:54 10856 [Note] InnoDB: Online DDL : End of reading clustered index of the table and create temporary files
2022-09-26 21:10:54 10856 [Note] InnoDB: Online DDL : Completed
2022-09-26 21:10:54 10856 [Note] InnoDB: Online DDL : Completed
2022-09-26 22:06:14 10856 [Note] InnoDB: Online DDL : Start
2022-09-26 22:06:14 10856 [Note] InnoDB: Online DDL : Start reading clustered index of the table and create temporary files
2022-09-26 22:06:14 10856 [Note] InnoDB: Online DDL : End of reading clustered index of the table and create temporary files
2022-09-26 22:06:14 10856 [Note] InnoDB: Online DDL : Start merge-sorting index `PRIMARY` (1 / 2), estimated cost : 13.3333
2022-09-26 22:06:14 10856 [Note] InnoDB: Online DDL : End of  merge-sorting index `PRIMARY` (1 / 2)
2022-09-26 22:06:14 10856 [Note] InnoDB: Online DDL : Start building index `PRIMARY` (1 / 2), estimated cost : 20.0000
2022-09-26 22:06:14 10856 [Note] InnoDB: Online DDL : End of building index `PRIMARY` (1 / 2)
2022-09-26 22:06:14 10856 [Note] InnoDB: Online DDL : Completed
2022-09-26 22:06:14 10856 [Note] InnoDB: Online DDL : Start merge-sorting index `permission_metadata` (2 / 2), estimated cost : 13.3333
2022-09-26 22:06:14 10856 [Note] InnoDB: Online DDL : End of  merge-sorting index `permission_metadata` (2 / 2)
2022-09-26 22:06:14 10856 [Note] InnoDB: Online DDL : Start building index `permission_metadata` (2 / 2), estimated cost : 20.0000
2022-09-26 22:06:15 10856 [Note] InnoDB: Online DDL : End of building index `permission_metadata` (2 / 2)
2022-09-26 22:06:15 10856 [Note] InnoDB: Online DDL : Completed
2022-09-26 22:27:06 10856 [Note] InnoDB: Online DDL : Start
2022-09-26 22:27:06 10856 [Note] InnoDB: Online DDL : Start reading clustered index of the table and create temporary files
2022-09-26 22:27:06 10856 [Note] InnoDB: Online DDL : End of reading clustered index of the table and create temporary files
2022-09-26 22:27:06 10856 [Note] InnoDB: Online DDL : Completed
2022-09-26 22:27:06 10856 [Note] InnoDB: Online DDL : Completed
2022-09-26 23:26:29 12712 [Note] InnoDB: Online DDL : Start
2022-09-26 23:26:29 12712 [Note] InnoDB: Online DDL : Start reading clustered index of the table and create temporary files
2022-09-26 23:26:29 12712 [Note] InnoDB: Online DDL : End of reading clustered index of the table and create temporary files
2022-09-26 23:26:29 12712 [Note] InnoDB: Online DDL : Start merge-sorting index `PRIMARY` (1 / 1), estimated cost : 20.0000
2022-09-26 23:26:29 12712 [Note] InnoDB: Online DDL : End of  merge-sorting index `PRIMARY` (1 / 1)
2022-09-26 23:26:29 12712 [Note] InnoDB: Online DDL : Start building index `PRIMARY` (1 / 1), estimated cost : 30.0000
2022-09-26 23:26:29 12712 [Note] InnoDB: Online DDL : End of building index `PRIMARY` (1 / 1)
2022-09-26 23:26:29 12712 [Note] InnoDB: Online DDL : Completed
2022-09-27  0:43:33 892 [Note] InnoDB: Online DDL : Start
2022-09-27  0:43:33 892 [Note] InnoDB: Online DDL : Start reading clustered index of the table and create temporary files
2022-09-27  0:43:34 892 [Note] InnoDB: Online DDL : End of reading clustered index of the table and create temporary files
2022-09-27  0:43:34 892 [Note] InnoDB: Online DDL : Start merge-sorting index `PRIMARY` (1 / 6), estimated cost : 5.7143
2022-09-27  0:43:34 892 [Note] InnoDB: Online DDL : End of  merge-sorting index `PRIMARY` (1 / 6)
2022-09-27  0:43:34 892 [Note] InnoDB: Online DDL : Start building index `PRIMARY` (1 / 6), estimated cost : 8.5714
2022-09-27  0:43:34 892 [Note] InnoDB: Online DDL : End of building index `PRIMARY` (1 / 6)
2022-09-27  0:43:34 892 [Note] InnoDB: Online DDL : Completed
2022-09-27  0:43:34 892 [Note] InnoDB: Online DDL : Start merge-sorting index `email` (2 / 6), estimated cost : 5.7143
2022-09-27  0:43:34 892 [Note] InnoDB: Online DDL : End of  merge-sorting index `email` (2 / 6)
2022-09-27  0:43:34 892 [Note] InnoDB: Online DDL : Start building index `email` (2 / 6), estimated cost : 8.5714
2022-09-27  0:43:34 892 [Note] InnoDB: Online DDL : End of building index `email` (2 / 6)
2022-09-27  0:43:34 892 [Note] InnoDB: Online DDL : Completed
2022-09-27  0:43:34 892 [Note] InnoDB: Online DDL : Start merge-sorting index `user_personal` (3 / 6), estimated cost : 5.7143
2022-09-27  0:43:34 892 [Note] InnoDB: Online DDL : End of  merge-sorting index `user_personal` (3 / 6)
2022-09-27  0:43:34 892 [Note] InnoDB: Online DDL : Start building index `user_personal` (3 / 6), estimated cost : 8.5714
2022-09-27  0:43:34 892 [Note] InnoDB: Online DDL : End of building index `user_personal` (3 / 6)
2022-09-27  0:43:34 892 [Note] InnoDB: Online DDL : Completed
2022-09-27  0:43:34 892 [Note] InnoDB: Online DDL : Start merge-sorting index `user_colleague` (4 / 6), estimated cost : 5.7143
2022-09-27  0:43:34 892 [Note] InnoDB: Online DDL : End of  merge-sorting index `user_colleague` (4 / 6)
2022-09-27  0:43:34 892 [Note] InnoDB: Online DDL : Start building index `user_colleague` (4 / 6), estimated cost : 8.5714
2022-09-27  0:43:34 892 [Note] InnoDB: Online DDL : End of building index `user_colleague` (4 / 6)
2022-09-27  0:43:34 892 [Note] InnoDB: Online DDL : Completed
2022-09-27  0:43:34 892 [Note] InnoDB: Online DDL : Start merge-sorting index `user_permissions` (5 / 6), estimated cost : 5.7143
2022-09-27  0:43:34 892 [Note] InnoDB: Online DDL : End of  merge-sorting index `user_permissions` (5 / 6)
2022-09-27  0:43:34 892 [Note] InnoDB: Online DDL : Start building index `user_permissions` (5 / 6), estimated cost : 8.5714
2022-09-27  0:43:34 892 [Note] InnoDB: Online DDL : End of building index `user_permissions` (5 / 6)
2022-09-27  0:43:34 892 [Note] InnoDB: Online DDL : Completed
2022-09-27  0:43:34 892 [Note] InnoDB: Online DDL : Start merge-sorting index `user_metadata` (6 / 6), estimated cost : 5.7143
2022-09-27  0:43:34 892 [Note] InnoDB: Online DDL : End of  merge-sorting index `user_metadata` (6 / 6)
2022-09-27  0:43:34 892 [Note] InnoDB: Online DDL : Start building index `user_metadata` (6 / 6), estimated cost : 8.5714
2022-09-27  0:43:34 892 [Note] InnoDB: Online DDL : End of building index `user_metadata` (6 / 6)
2022-09-27  0:43:34 892 [Note] InnoDB: Online DDL : Completed
2022-09-27 03:06:32 808 InnoDB: Warning: Using innodb_additional_mem_pool_size is DEPRECATED. This option may be removed in future releases, together with the option innodb_use_sys_malloc and with the InnoDB's internal memory allocator.
2022-09-27  3:06:32 2056 [Note] InnoDB: innodb_empty_free_list_algorithm has been changed to legacy because of small buffer pool size. In order to use backoff, increase buffer pool at least up to 20MB.

2022-09-27  3:06:32 2056 [Note] InnoDB: Using mutexes to ref count buffer pool pages
2022-09-27  3:06:32 2056 [Note] InnoDB: The InnoDB memory heap is disabled
2022-09-27  3:06:32 2056 [Note] InnoDB: Mutexes and rw_locks use Windows interlocked functions
2022-09-27  3:06:32 2056 [Note] InnoDB: _mm_lfence() and _mm_sfence() are used for memory barrier
2022-09-27  3:06:32 2056 [Note] InnoDB: Compressed tables use zlib 1.2.3
2022-09-27  3:06:32 2056 [Note] InnoDB: Using generic crc32 instructions
2022-09-27  3:06:33 2056 [Note] InnoDB: Initializing buffer pool, size = 16.0M
2022-09-27  3:06:33 2056 [Note] InnoDB: Completed initialization of buffer pool
2022-09-27  3:06:33 2056 [Note] InnoDB: Highest supported file format is Barracuda.
2022-09-27  3:06:33 2056 [Note] InnoDB: The log sequence numbers 1835037 and 1835037 in ibdata files do not match the log sequence number 4000021 in the ib_logfiles!
2022-09-27  3:06:33 2056 [Note] InnoDB: Database was not shutdown normally!
2022-09-27  3:06:33 2056 [Note] InnoDB: Starting crash recovery.
2022-09-27  3:06:33 2056 [Note] InnoDB: Reading tablespace information from the .ibd files...
2022-09-27  3:06:34 2056 [Note] InnoDB: Restoring possible half-written data pages 
2022-09-27  3:06:34 2056 [Note] InnoDB: from the doublewrite buffer...
2022-09-27  3:06:36 2056 [Note] InnoDB: 128 rollback segment(s) are active.
2022-09-27  3:06:36 2056 [Note] InnoDB: Waiting for purge to start
2022-09-27  3:06:36 2056 [Note] InnoDB:  Percona XtraDB (http://www.percona.com) 5.6.32-79.0 started; log sequence number 4000021
2022-09-27  3:06:36 8112 [Note] InnoDB: Dumping buffer pool(s) not yet started
2022-09-27  3:06:36 2056 [Note] Plugin 'FEEDBACK' is disabled.
2022-09-27  3:06:36 2056 [Note] Server socket created on IP: '::'.
2022-09-27  3:06:36 2056 [ERROR] Can't start server: Bind on TCP/IP port. Got error: 10048: Only one usage of each socket address (protocol/network address/port) is normally permitted.

2022-09-27  3:06:36 2056 [ERROR] Do you already have another mysqld server running on port: 3306 ?
2022-09-27  3:06:36 2056 [ERROR] Aborting

2022-09-27 03:07:03 31dc InnoDB: Warning: Using innodb_additional_mem_pool_size is DEPRECATED. This option may be removed in future releases, together with the option innodb_use_sys_malloc and with the InnoDB's internal memory allocator.
2022-09-27  3:07:03 12764 [Note] InnoDB: innodb_empty_free_list_algorithm has been changed to legacy because of small buffer pool size. In order to use backoff, increase buffer pool at least up to 20MB.

2022-09-27  3:07:03 12764 [Note] InnoDB: Using mutexes to ref count buffer pool pages
2022-09-27  3:07:03 12764 [Note] InnoDB: The InnoDB memory heap is disabled
2022-09-27  3:07:03 12764 [Note] InnoDB: Mutexes and rw_locks use Windows interlocked functions
2022-09-27  3:07:03 12764 [Note] InnoDB: _mm_lfence() and _mm_sfence() are used for memory barrier
2022-09-27  3:07:03 12764 [Note] InnoDB: Compressed tables use zlib 1.2.3
2022-09-27  3:07:03 12764 [Note] InnoDB: Using generic crc32 instructions
2022-09-27  3:07:03 12764 [Note] InnoDB: Initializing buffer pool, size = 16.0M
2022-09-27  3:07:03 12764 [Note] InnoDB: Completed initialization of buffer pool
2022-09-27  3:07:03 12764 [Note] InnoDB: Highest supported file format is Barracuda.
2022-09-27  3:07:05 12764 [Note] InnoDB: 128 rollback segment(s) are active.
2022-09-27  3:07:05 12764 [Note] InnoDB: Waiting for purge to start
2022-09-27  3:07:05 12764 [Note] InnoDB:  Percona XtraDB (http://www.percona.com) 5.6.32-79.0 started; log sequence number 4000031
2022-09-27  3:07:05 8384 [Note] InnoDB: Dumping buffer pool(s) not yet started
2022-09-27  3:07:06 12764 [Note] Plugin 'FEEDBACK' is disabled.
2022-09-27  3:07:06 12764 [Note] Server socket created on IP: '::'.
2022-09-27  3:07:06 12764 [ERROR] Can't start server: Bind on TCP/IP port. Got error: 10048: Only one usage of each socket address (protocol/network address/port) is normally permitted.

2022-09-27  3:07:06 12764 [ERROR] Do you already have another mysqld server running on port: 3306 ?
2022-09-27  3:07:06 12764 [ERROR] Aborting

2022-09-27 03:07:32 27b4 InnoDB: Warning: Using innodb_additional_mem_pool_size is DEPRECATED. This option may be removed in future releases, together with the option innodb_use_sys_malloc and with the InnoDB's internal memory allocator.
2022-09-27  3:07:32 10164 [Note] InnoDB: innodb_empty_free_list_algorithm has been changed to legacy because of small buffer pool size. In order to use backoff, increase buffer pool at least up to 20MB.

2022-09-27  3:07:32 10164 [Note] InnoDB: Using mutexes to ref count buffer pool pages
2022-09-27  3:07:32 10164 [Note] InnoDB: The InnoDB memory heap is disabled
2022-09-27  3:07:32 10164 [Note] InnoDB: Mutexes and rw_locks use Windows interlocked functions
2022-09-27  3:07:32 10164 [Note] InnoDB: _mm_lfence() and _mm_sfence() are used for memory barrier
2022-09-27  3:07:32 10164 [Note] InnoDB: Compressed tables use zlib 1.2.3
2022-09-27  3:07:32 10164 [Note] InnoDB: Using generic crc32 instructions
2022-09-27  3:07:32 10164 [Note] InnoDB: Initializing buffer pool, size = 16.0M
2022-09-27  3:07:32 10164 [Note] InnoDB: Completed initialization of buffer pool
2022-09-27  3:07:32 10164 [Note] InnoDB: Highest supported file format is Barracuda.
2022-09-27  3:07:33 10164 [Note] InnoDB: 128 rollback segment(s) are active.
2022-09-27  3:07:33 10164 [Note] InnoDB: Waiting for purge to start
2022-09-27  3:07:33 10164 [Note] InnoDB:  Percona XtraDB (http://www.percona.com) 5.6.32-79.0 started; log sequence number 4000041
2022-09-27  3:07:33 14024 [Note] InnoDB: Dumping buffer pool(s) not yet started
2022-09-27  3:07:33 10164 [Note] Plugin 'FEEDBACK' is disabled.
2022-09-27  3:07:33 10164 [Note] Server socket created on IP: '::'.
2022-09-27  3:07:33 10164 [ERROR] Can't start server: Bind on TCP/IP port. Got error: 10048: Only one usage of each socket address (protocol/network address/port) is normally permitted.

2022-09-27  3:07:33 10164 [ERROR] Do you already have another mysqld server running on port: 3306 ?
2022-09-27  3:07:33 10164 [ERROR] Aborting

2022-09-27 03:08:47 3290 InnoDB: Warning: Using innodb_additional_mem_pool_size is DEPRECATED. This option may be removed in future releases, together with the option innodb_use_sys_malloc and with the InnoDB's internal memory allocator.
2022-09-27  3:08:47 12944 [Note] InnoDB: innodb_empty_free_list_algorithm has been changed to legacy because of small buffer pool size. In order to use backoff, increase buffer pool at least up to 20MB.

2022-09-27  3:08:47 12944 [Note] InnoDB: Using mutexes to ref count buffer pool pages
2022-09-27  3:08:47 12944 [Note] InnoDB: The InnoDB memory heap is disabled
2022-09-27  3:08:47 12944 [Note] InnoDB: Mutexes and rw_locks use Windows interlocked functions
2022-09-27  3:08:47 12944 [Note] InnoDB: _mm_lfence() and _mm_sfence() are used for memory barrier
2022-09-27  3:08:47 12944 [Note] InnoDB: Compressed tables use zlib 1.2.3
2022-09-27  3:08:47 12944 [Note] InnoDB: Using generic crc32 instructions
2022-09-27  3:08:47 12944 [Note] InnoDB: Initializing buffer pool, size = 16.0M
2022-09-27  3:08:47 12944 [Note] InnoDB: Completed initialization of buffer pool
2022-09-27  3:08:47 12944 [Note] InnoDB: Highest supported file format is Barracuda.
2022-09-27  3:08:48 12944 [Note] InnoDB: 128 rollback segment(s) are active.
2022-09-27  3:08:48 12944 [Note] InnoDB: Waiting for purge to start
2022-09-27  3:08:48 12944 [Note] InnoDB:  Percona XtraDB (http://www.percona.com) 5.6.32-79.0 started; log sequence number 4000051
2022-09-27  3:08:48 6984 [Note] InnoDB: Dumping buffer pool(s) not yet started
2022-09-27  3:08:48 12944 [Note] Plugin 'FEEDBACK' is disabled.
2022-09-27  3:08:48 12944 [Note] Server socket created on IP: '::'.
2022-09-27  3:08:48 12944 [ERROR] Can't start server: Bind on TCP/IP port. Got error: 10048: Only one usage of each socket address (protocol/network address/port) is normally permitted.

2022-09-27  3:08:48 12944 [ERROR] Do you already have another mysqld server running on port: 3306 ?
2022-09-27  3:08:48 12944 [ERROR] Aborting

2022-09-27 03:16:18 e4 InnoDB: Warning: Using innodb_additional_mem_pool_size is DEPRECATED. This option may be removed in future releases, together with the option innodb_use_sys_malloc and with the InnoDB's internal memory allocator.
2022-09-27  3:16:18 228 [Note] InnoDB: innodb_empty_free_list_algorithm has been changed to legacy because of small buffer pool size. In order to use backoff, increase buffer pool at least up to 20MB.

2022-09-27  3:16:18 228 [Note] InnoDB: Using mutexes to ref count buffer pool pages
2022-09-27  3:16:18 228 [Note] InnoDB: The InnoDB memory heap is disabled
2022-09-27  3:16:18 228 [Note] InnoDB: Mutexes and rw_locks use Windows interlocked functions
2022-09-27  3:16:18 228 [Note] InnoDB: _mm_lfence() and _mm_sfence() are used for memory barrier
2022-09-27  3:16:18 228 [Note] InnoDB: Compressed tables use zlib 1.2.3
2022-09-27  3:16:18 228 [Note] InnoDB: Using generic crc32 instructions
2022-09-27  3:16:18 228 [Note] InnoDB: Initializing buffer pool, size = 16.0M
2022-09-27  3:16:18 228 [Note] InnoDB: Completed initialization of buffer pool
2022-09-27  3:16:18 228 [Note] InnoDB: Highest supported file format is Barracuda.
2022-09-27  3:16:18 228 [Note] InnoDB: 128 rollback segment(s) are active.
2022-09-27  3:16:18 228 [Note] InnoDB: Waiting for purge to start
2022-09-27  3:16:19 228 [Note] InnoDB:  Percona XtraDB (http://www.percona.com) 5.6.32-79.0 started; log sequence number 4000061
2022-09-27  3:16:19 15364 [Note] InnoDB: Dumping buffer pool(s) not yet started
2022-09-27  3:16:19 228 [Note] Plugin 'FEEDBACK' is disabled.
2022-09-27  3:16:19 228 [Note] Server socket created on IP: '::'.
2022-09-27  3:16:19 228 [ERROR] mysqld.exe: Table '.\mysql\user' is marked as crashed and should be repaired
2022-09-27  3:16:19 228 [Warning] Checking table:   '.\mysql\user'
2022-09-27  3:16:19 228 [ERROR] mysql.user: 1 client is using or hasn't closed the table properly
2022-09-27  3:16:19 228 [ERROR] mysqld.exe: Table '.\mysql\db' is marked as crashed and should be repaired
2022-09-27  3:16:19 228 [Warning] Checking table:   '.\mysql\db'
2022-09-27  3:16:19 228 [ERROR] mysql.db: 1 client is using or hasn't closed the table properly
2022-09-27  3:16:20 228 [ERROR] mysqld.exe: Table '.\mysql\tables_priv' is marked as crashed and should be repaired
2022-09-27  3:16:20 228 [Warning] Checking table:   '.\mysql\tables_priv'
2022-09-27  3:16:20 228 [ERROR] mysql.tables_priv: 1 client is using or hasn't closed the table properly
2022-09-27  3:16:20 228 [ERROR] mysqld.exe: Table '.\mysql\columns_priv' is marked as crashed and should be repaired
2022-09-27  3:16:20 228 [Warning] Checking table:   '.\mysql\columns_priv'
2022-09-27  3:16:20 228 [ERROR] mysql.columns_priv: 1 client is using or hasn't closed the table properly
2022-09-27  3:16:20 228 [ERROR] mysqld.exe: Table '.\mysql\procs_priv' is marked as crashed and should be repaired
2022-09-27  3:16:20 228 [Warning] Checking table:   '.\mysql\procs_priv'
2022-09-27  3:16:20 228 [ERROR] mysql.procs_priv: 1 client is using or hasn't closed the table properly
2022-09-27  3:16:20 228 [Note] d:\xampp\mysql\bin\mysqld.exe: ready for connections.
Version: '10.1.19-MariaDB'  socket: ''  port: 3306  mariadb.org binary distribution
2022-09-27  6:49:51 13072 [Note] InnoDB: Online DDL : Start
2022-09-27  6:49:51 13072 [Note] InnoDB: Online DDL : Start reading clustered index of the table and create temporary files
2022-09-27  6:49:52 13072 [Note] InnoDB: Online DDL : End of reading clustered index of the table and create temporary files
2022-09-27  6:49:52 13072 [Note] InnoDB: Online DDL : Start merge-sorting index `PRIMARY` (1 / 4), estimated cost : 8.0000
2022-09-27  6:49:52 13072 [Note] InnoDB: Online DDL : End of  merge-sorting index `PRIMARY` (1 / 4)
2022-09-27  6:49:52 13072 [Note] InnoDB: Online DDL : Start building index `PRIMARY` (1 / 4), estimated cost : 12.0000
2022-09-27  6:49:52 13072 [Note] InnoDB: Online DDL : End of building index `PRIMARY` (1 / 4)
2022-09-27  6:49:52 13072 [Note] InnoDB: Online DDL : Completed
2022-09-27  6:49:52 13072 [Note] InnoDB: Online DDL : Start merge-sorting index `first_name` (2 / 4), estimated cost : 8.0000
2022-09-27  6:49:52 13072 [Note] InnoDB: Online DDL : End of  merge-sorting index `first_name` (2 / 4)
2022-09-27  6:49:52 13072 [Note] InnoDB: Online DDL : Start building index `first_name` (2 / 4), estimated cost : 12.0000
2022-09-27  6:49:52 13072 [Note] InnoDB: Online DDL : End of building index `first_name` (2 / 4)
2022-09-27  6:49:52 13072 [Note] InnoDB: Online DDL : Completed
2022-09-27  6:49:52 13072 [Note] InnoDB: Online DDL : Start merge-sorting index `last_name` (3 / 4), estimated cost : 8.0000
2022-09-27  6:49:52 13072 [Note] InnoDB: Online DDL : End of  merge-sorting index `last_name` (3 / 4)
2022-09-27  6:49:52 13072 [Note] InnoDB: Online DDL : Start building index `last_name` (3 / 4), estimated cost : 12.0000
2022-09-27  6:49:52 13072 [Note] InnoDB: Online DDL : End of building index `last_name` (3 / 4)
2022-09-27  6:49:52 13072 [Note] InnoDB: Online DDL : Completed
2022-09-27  6:49:52 13072 [Note] InnoDB: Online DDL : Start merge-sorting index `personal_metadata` (4 / 4), estimated cost : 8.0000
2022-09-27  6:49:52 13072 [Note] InnoDB: Online DDL : End of  merge-sorting index `personal_metadata` (4 / 4)
2022-09-27  6:49:52 13072 [Note] InnoDB: Online DDL : Start building index `personal_metadata` (4 / 4), estimated cost : 12.0000
2022-09-27  6:49:52 13072 [Note] InnoDB: Online DDL : End of building index `personal_metadata` (4 / 4)
2022-09-27  6:49:52 13072 [Note] InnoDB: Online DDL : Completed
2022-09-27  7:17:52 16732 [Note] d:\xampp\mysql\bin\mysqld.exe: Normal shutdown

2022-09-27  7:17:52 16732 [Note] Event Scheduler: Purging the queue. 0 events
2022-09-27  7:17:52 3208 [Note] InnoDB: FTS optimize thread exiting.
2022-09-27  7:17:52 16732 [Note] InnoDB: Starting shutdown...
2022-09-27  7:17:53 16732 [Note] InnoDB: Waiting for page_cleaner to finish flushing of buffer pool
2022-09-27  7:17:54 16732 [Note] InnoDB: Shutdown completed; log sequence number 4093720
2022-09-27  7:17:54 16732 [Note] d:\xampp\mysql\bin\mysqld.exe: Shutdown complete

2022-09-27 07:23:12 13e8 InnoDB: Warning: Using innodb_additional_mem_pool_size is DEPRECATED. This option may be removed in future releases, together with the option innodb_use_sys_malloc and with the InnoDB's internal memory allocator.
2022-09-27  7:23:12 5096 [Note] InnoDB: innodb_empty_free_list_algorithm has been changed to legacy because of small buffer pool size. In order to use backoff, increase buffer pool at least up to 20MB.

2022-09-27  7:23:13 5096 [Note] InnoDB: Using mutexes to ref count buffer pool pages
2022-09-27  7:23:13 5096 [Note] InnoDB: The InnoDB memory heap is disabled
2022-09-27  7:23:13 5096 [Note] InnoDB: Mutexes and rw_locks use Windows interlocked functions
2022-09-27  7:23:13 5096 [Note] InnoDB: _mm_lfence() and _mm_sfence() are used for memory barrier
2022-09-27  7:23:13 5096 [Note] InnoDB: Compressed tables use zlib 1.2.3
2022-09-27  7:23:13 5096 [Note] InnoDB: Using generic crc32 instructions
2022-09-27  7:23:13 5096 [Note] InnoDB: Initializing buffer pool, size = 16.0M
2022-09-27  7:23:13 5096 [Note] InnoDB: Completed initialization of buffer pool
2022-09-27  7:23:13 5096 [Note] InnoDB: Highest supported file format is Barracuda.
2022-09-27  7:23:13 5096 [Note] InnoDB: 128 rollback segment(s) are active.
2022-09-27  7:23:13 5096 [Note] InnoDB: Waiting for purge to start
2022-09-27  7:23:13 5096 [Note] InnoDB:  Percona XtraDB (http://www.percona.com) 5.6.32-79.0 started; log sequence number 4093720
2022-09-27  7:23:13 8048 [Note] InnoDB: Dumping buffer pool(s) not yet started
2022-09-27  7:23:13 5096 [Note] Plugin 'FEEDBACK' is disabled.
2022-09-27  7:23:13 5096 [Note] Server socket created on IP: '::'.
