[Wed Sep 21 01:35:59.400131 2022] [ssl:warn] [pid 2908:tid 444] AH01909: www.example.com:443:0 server certificate does NOT include an ID which matches the server name
[Wed Sep 21 01:35:59.439187 2022] [ssl:warn] [pid 2908:tid 444] AH01909: www.example.com:443:0 server certificate does NOT include an ID which matches the server name
[Wed Sep 21 01:35:59.672292 2022] [mpm_winnt:notice] [pid 2908:tid 444] AH00455: Apache/2.4.53 (Win64) OpenSSL/1.1.1n PHP/7.4.29 configured -- resuming normal operations
[Wed Sep 21 01:35:59.672292 2022] [mpm_winnt:notice] [pid 2908:tid 444] AH00456: Apache Lounge VC15 Server built: Mar 16 2022 15:48:38
[Wed Sep 21 01:35:59.672292 2022] [core:notice] [pid 2908:tid 444] AH00094: Command line: 'c:\\xampp\\apache\\bin\\httpd.exe -d C:/xampp/apache'
[Wed Sep 21 01:35:59.677293 2022] [mpm_winnt:notice] [pid 2908:tid 444] AH00418: Parent: Created child process 10540
[Wed Sep 21 01:36:00.114392 2022] [ssl:warn] [pid 10540:tid 460] AH01909: www.example.com:443:0 server certificate does NOT include an ID which matches the server name
[Wed Sep 21 01:36:00.148398 2022] [ssl:warn] [pid 10540:tid 460] AH01909: www.example.com:443:0 server certificate does NOT include an ID which matches the server name
[Wed Sep 21 01:36:00.175405 2022] [mpm_winnt:notice] [pid 10540:tid 460] AH00354: Child: Starting 150 worker threads.
[Fri Sep 23 03:52:13.553218 2022] [ssl:warn] [pid 5392:tid 440] AH01909: www.example.com:443:0 server certificate does NOT include an ID which matches the server name
[Fri Sep 23 03:52:13.606596 2022] [core:warn] [pid 5392:tid 440] AH00098: pid file C:/xampp/apache/logs/httpd.pid overwritten -- Unclean shutdown of previous Apache run?
[Fri Sep 23 03:52:13.606596 2022] [ssl:warn] [pid 5392:tid 440] AH01909: www.example.com:443:0 server certificate does NOT include an ID which matches the server name
[Fri Sep 23 03:52:14.007674 2022] [mpm_winnt:notice] [pid 5392:tid 440] AH00455: Apache/2.4.53 (Win64) OpenSSL/1.1.1n PHP/7.4.29 configured -- resuming normal operations
[Fri Sep 23 03:52:14.007674 2022] [mpm_winnt:notice] [pid 5392:tid 440] AH00456: Apache Lounge VC15 Server built: Mar 16 2022 15:48:38
[Fri Sep 23 03:52:14.007674 2022] [core:notice] [pid 5392:tid 440] AH00094: Command line: 'c:\\xampp\\apache\\bin\\httpd.exe -d C:/xampp/apache'
[Fri Sep 23 03:52:14.023294 2022] [mpm_winnt:notice] [pid 5392:tid 440] AH00418: Parent: Created child process 416
[Fri Sep 23 03:52:14.624885 2022] [ssl:warn] [pid 416:tid 452] AH01909: www.example.com:443:0 server certificate does NOT include an ID which matches the server name
[Fri Sep 23 03:52:14.678262 2022] [ssl:warn] [pid 416:tid 452] AH01909: www.example.com:443:0 server certificate does NOT include an ID which matches the server name
[Fri Sep 23 03:52:14.725133 2022] [mpm_winnt:notice] [pid 416:tid 452] AH00354: Child: Starting 150 worker threads.
[Fri Sep 23 16:59:35.339320 2022] [php7:notice] [pid 416:tid 1848] [client 127.0.0.1:64748] PHP Notice:  Undefined variable: uri in C:\\xampp\\htdocs\\index.php on line 5
[Fri Sep 23 16:59:43.868525 2022] [php7:notice] [pid 416:tid 1848] [client 127.0.0.1:64749] PHP Notice:  Undefined variable: uri in C:\\xampp\\htdocs\\index.php on line 5
[Tue Sep 27 07:23:15.601860 2022] [ssl:warn] [pid 11944:tid 464] AH01909: www.example.com:443:0 server certificate does NOT include an ID which matches the server name
[Tue Sep 27 07:23:15.670862 2022] [core:warn] [pid 11944:tid 464] AH00098: pid file C:/Users/Cosmic/Documents/GitHub/fullstack-user-system/xampp/apache/logs/httpd.pid overwritten -- Unclean shutdown of previous Apache run?
[Tue Sep 27 07:23:15.670862 2022] [ssl:warn] [pid 11944:tid 464] AH01909: www.example.com:443:0 server certificate does NOT include an ID which matches the server name
[Tue Sep 27 07:23:16.071928 2022] [mpm_winnt:notice] [pid 11944:tid 464] AH00455: Apache/2.4.53 (Win64) OpenSSL/1.1.1n PHP/7.4.29 configured -- resuming normal operations
[Tue Sep 27 07:23:16.071928 2022] [mpm_winnt:notice] [pid 11944:tid 464] AH00456: Apache Lounge VC15 Server built: Mar 16 2022 15:48:38
[Tue Sep 27 07:23:16.071928 2022] [core:notice] [pid 11944:tid 464] AH00094: Command line: 'c:\\users\\cosmic\\documents\\github\\fullstack-user-system\\xampp\\apache\\bin\\httpd.exe -d C:/Users/Cosmic/Documents/GitHub/fullstack-user-system/xampp/apache'
[Tue Sep 27 07:23:16.087538 2022] [mpm_winnt:notice] [pid 11944:tid 464] AH00418: Parent: Created child process 9440
[Tue Sep 27 07:23:16.720464 2022] [ssl:warn] [pid 9440:tid 452] AH01909: www.example.com:443:0 server certificate does NOT include an ID which matches the server name
[Tue Sep 27 07:23:16.773842 2022] [ssl:warn] [pid 9440:tid 452] AH01909: www.example.com:443:0 server certificate does NOT include an ID which matches the server name
[Tue Sep 27 07:23:16.820705 2022] [mpm_winnt:notice] [pid 9440:tid 452] AH00354: Child: Starting 150 worker threads.
